<?xml version="1.0" encoding="UTF-8"?>
<!-- Generated by org.testng.reporters.JUnitXMLReporter -->
<testsuite ignored="0" hostname="MacBook-Pro.local" failures="0" tests="5" name="Test" time="5.104" errors="0" timestamp="2021-08-29T20:47:33 EDT">
  <testcase classname="docker.ChromeTest1" name="@BeforeTest startDockerAndScale" time="5.05">
    <failure type="java.io.FileNotFoundException" message="output.txt (No such file or directory)">
      <![CDATA[java.io.FileNotFoundException: output.txt (No such file or directory)
at java.base/java.io.FileInputStream.open0(Native Method)
at java.base/java.io.FileInputStream.open(FileInputStream.java:211)
at java.base/java.io.FileInputStream.<init>(FileInputStream.java:153)
at java.base/java.io.FileInputStream.<init>(FileInputStream.java:108)
at java.base/java.io.FileReader.<init>(FileReader.java:60)
at docker.StartDocker.startFile(StartDocker.java:30)
at docker.ChromeTest1.startDockerAndScale(ChromeTest1.java:24)
... Removed 24 stack frames]]>
    </failure>
  </testcase> <!-- @BeforeTest startDockerAndScale -->
  <testcase classname="docker.ChromeTest1" name="@AfterTest stopDockerAndDeleteFile" time="-1.630284452989E9">
    <skipped/>
  </testcase> <!-- @AfterTest stopDockerAndDeleteFile -->
  <testcase classname="docker.ChromeTest1" name="test1" time="0.0">
    <skipped/>
  </testcase> <!-- test1 -->
  <testcase classname="docker.ChromeTest3" name="test3" time="0.0">
    <skipped/>
  </testcase> <!-- test3 -->
  <testcase classname="docker.ChromeTest2" name="test2" time="0.0">
    <skipped/>
  </testcase> <!-- test2 -->
  <testcase classname="docker.ChromeTest5" name="test5" time="0.0">
    <skipped/>
  </testcase> <!-- test5 -->
  <testcase classname="docker.ChromeTest4" name="test4" time="0.0">
    <skipped/>
  </testcase> <!-- test4 -->
</testsuite> <!-- Test -->
