<?xml version="1.0" encoding="UTF-8"?>
<!-- Generated by org.testng.reporters.JUnitXMLReporter -->
<testsuite ignored="0" hostname="MacBook-Pro.local" failures="0" tests="5" name="Test" time="51.605" errors="0" timestamp="2021-09-05T19:13:01 EDT">
  <testcase classname="docker.ChromeTest5" name="test5" time="7.222"/>
  <testcase classname="docker.ChromeTest1" name="test1" time="8.521"/>
  <testcase classname="docker.ChromeTest4" name="test4" time="8.994"/>
  <testcase classname="docker.ChromeTest3" name="test3" time="9.299"/>
  <testcase classname="docker.ChromeTest2" name="test2" time="20.851"/>
</testsuite> <!-- Test -->
