<?xml version="1.0" encoding="UTF-8"?>
<!-- Generated by org.testng.reporters.JUnitXMLReporter -->
<testsuite ignored="0" hostname="MacBook-Pro.local" failures="0" tests="5" name="Test" time="47.537" errors="0" timestamp="29 Aug 2021 03:07:02 GMT">
  <testcase classname="docker.ChromeTest1" name="test1" time="9.339"/>
  <testcase classname="docker.ChromeTest3" name="test3" time="9.766"/>
  <testcase classname="docker.ChromeTest4" name="test4" time="9.979"/>
  <testcase classname="docker.ChromeTest5" name="test5" time="13.52"/>
  <testcase classname="docker.ChromeTest2" name="test2" time="16.795"/>
</testsuite> <!-- Test -->
