<?xml version="1.0" encoding="UTF-8"?>
<testng-results ignored="0" total="5" passed="5" failed="0" skipped="0">
  <reporter-output>
  </reporter-output>
  <suite started-at="2021-08-29T03:06:15Z" name="Suite" finished-at="2021-08-29T03:07:02Z" duration-ms="47537">
    <groups>
    </groups>
    <test started-at="2021-08-29T03:06:15Z" name="Test" finished-at="2021-08-29T03:07:02Z" duration-ms="47537">
      <class name="docker.ChromeTest1">
        <test-method is-config="true" signature="startDockerAndScale()[pri:0, instance:docker.ChromeTest1@3232a28a]" started-at="2021-08-29T03:06:15Z" name="startDockerAndScale" finished-at="2021-08-29T03:06:34Z" duration-ms="19551" status="PASS">
          <reporter-output>
          </reporter-output>
        </test-method> <!-- startDockerAndScale -->
        <test-method signature="test1()[pri:0, instance:docker.ChromeTest1@3232a28a]" started-at="2021-08-29T03:06:34Z" name="test1" finished-at="2021-08-29T03:06:43Z" duration-ms="9339" status="PASS">
          <reporter-output>
          </reporter-output>
        </test-method> <!-- test1 -->
        <test-method is-config="true" signature="stopDockerAndDeleteFile()[pri:0, instance:docker.ChromeTest1@3232a28a]" started-at="2021-08-29T03:06:51Z" name="stopDockerAndDeleteFile" finished-at="2021-08-29T03:07:02Z" duration-ms="11166" status="PASS">
          <reporter-output>
          </reporter-output>
        </test-method> <!-- stopDockerAndDeleteFile -->
      </class> <!-- docker.ChromeTest1 -->
      <class name="docker.ChromeTest5">
        <test-method signature="test5()[pri:0, instance:docker.ChromeTest5@f736069]" started-at="2021-08-29T03:06:34Z" name="test5" finished-at="2021-08-29T03:06:48Z" duration-ms="13520" status="PASS">
          <reporter-output>
          </reporter-output>
        </test-method> <!-- test5 -->
      </class> <!-- docker.ChromeTest5 -->
      <class name="docker.ChromeTest4">
        <test-method signature="test4()[pri:0, instance:docker.ChromeTest4@28f2a10f]" started-at="2021-08-29T03:06:34Z" name="test4" finished-at="2021-08-29T03:06:44Z" duration-ms="9979" status="PASS">
          <reporter-output>
          </reporter-output>
        </test-method> <!-- test4 -->
      </class> <!-- docker.ChromeTest4 -->
      <class name="docker.ChromeTest3">
        <test-method signature="test3()[pri:0, instance:docker.ChromeTest3@47faa49c]" started-at="2021-08-29T03:06:34Z" name="test3" finished-at="2021-08-29T03:06:44Z" duration-ms="9766" status="PASS">
          <reporter-output>
          </reporter-output>
        </test-method> <!-- test3 -->
      </class> <!-- docker.ChromeTest3 -->
      <class name="docker.ChromeTest2">
        <test-method signature="test2()[pri:0, instance:docker.ChromeTest2@73e22a3d]" started-at="2021-08-29T03:06:34Z" name="test2" finished-at="2021-08-29T03:06:51Z" duration-ms="16795" status="PASS">
          <reporter-output>
          </reporter-output>
        </test-method> <!-- test2 -->
      </class> <!-- docker.ChromeTest2 -->
    </test> <!-- Test -->
  </suite> <!-- Suite -->
</testng-results>
