<?xml version="1.0" encoding="UTF-8"?>
<testng-results ignored="0" total="5" passed="5" failed="0" skipped="0">
  <reporter-output>
  </reporter-output>
  <suite started-at="2021-08-29T18:57:08 EDT" name="Suite" finished-at="2021-08-29T18:57:50 EDT" duration-ms="41997">
    <groups>
    </groups>
    <test started-at="2021-08-29T18:57:08 EDT" name="Test" finished-at="2021-08-29T18:57:50 EDT" duration-ms="41997">
      <class name="docker.ChromeTest1">
        <test-method is-config="true" signature="startDockerAndScale()[pri:0, instance:docker.ChromeTest1@79ad8b2f]" started-at="2021-08-29T18:57:08 EDT" name="startDockerAndScale" finished-at="2021-08-29T18:57:22 EDT" duration-ms="14283" status="PASS">
          <reporter-output>
          </reporter-output>
        </test-method> <!-- startDockerAndScale -->
        <test-method signature="test1()[pri:0, instance:docker.ChromeTest1@79ad8b2f]" started-at="2021-08-29T18:57:22 EDT" name="test1" finished-at="2021-08-29T18:57:29 EDT" duration-ms="7155" status="PASS">
          <reporter-output>
          </reporter-output>
        </test-method> <!-- test1 -->
        <test-method is-config="true" signature="stopDockerAndDeleteFile()[pri:0, instance:docker.ChromeTest1@79ad8b2f]" started-at="2021-08-29T18:57:40 EDT" name="stopDockerAndDeleteFile" finished-at="2021-08-29T18:57:50 EDT" duration-ms="10150" status="PASS">
          <reporter-output>
          </reporter-output>
        </test-method> <!-- stopDockerAndDeleteFile -->
      </class> <!-- docker.ChromeTest1 -->
      <class name="docker.ChromeTest5">
        <test-method signature="test5()[pri:0, instance:docker.ChromeTest5@4c15e7fd]" started-at="2021-08-29T18:57:22 EDT" name="test5" finished-at="2021-08-29T18:57:32 EDT" duration-ms="9895" status="PASS">
          <reporter-output>
          </reporter-output>
        </test-method> <!-- test5 -->
      </class> <!-- docker.ChromeTest5 -->
      <class name="docker.ChromeTest4">
        <test-method signature="test4()[pri:0, instance:docker.ChromeTest4@2133814f]" started-at="2021-08-29T18:57:22 EDT" name="test4" finished-at="2021-08-29T18:57:33 EDT" duration-ms="10698" status="PASS">
          <reporter-output>
          </reporter-output>
        </test-method> <!-- test4 -->
      </class> <!-- docker.ChromeTest4 -->
      <class name="docker.ChromeTest3">
        <test-method signature="test3()[pri:0, instance:docker.ChromeTest3@70be0a2b]" started-at="2021-08-29T18:57:22 EDT" name="test3" finished-at="2021-08-29T18:57:32 EDT" duration-ms="10022" status="PASS">
          <reporter-output>
          </reporter-output>
        </test-method> <!-- test3 -->
      </class> <!-- docker.ChromeTest3 -->
      <class name="docker.ChromeTest2">
        <test-method signature="test2()[pri:0, instance:docker.ChromeTest2@f8c1ddd]" started-at="2021-08-29T18:57:22 EDT" name="test2" finished-at="2021-08-29T18:57:39 EDT" duration-ms="17523" status="PASS">
          <reporter-output>
          </reporter-output>
        </test-method> <!-- test2 -->
      </class> <!-- docker.ChromeTest2 -->
    </test> <!-- Test -->
  </suite> <!-- Suite -->
</testng-results>
